<?xml version="1.0" encoding="UTF-8"?>
<!-- Generated by org.testng.reporters.JUnitReportReporter -->
<testsuite hostname="LAPTOP-QT859H5O" failures="0" tests="6" name="TestngAutomation.FlipkartAutomation.NewTest" time="39.158" errors="0" timestamp="2022-10-18T15:57:53 IST" skipped="0">
  <testcase classname="TestngAutomation.FlipkartAutomation.NewTest" name="navigate" time="8.771"/>
  <system-out/>
  <testcase classname="TestngAutomation.FlipkartAutomation.NewTest" name="loadImage" time="16.735"/>
  <system-out/>
  <testcase classname="TestngAutomation.FlipkartAutomation.NewTest" name="bottom" time="4.028"/>
  <system-out/>
  <testcase classname="TestngAutomation.FlipkartAutomation.NewTest" name="Scrollavailable" time="0.008"/>
  <system-out/>
  <testcase classname="TestngAutomation.FlipkartAutomation.NewTest" name="scrollFrequency" time="2.034"/>
  <system-out/>
  <testcase classname="TestngAutomation.FlipkartAutomation.NewTest" name="screenResolution" time="7.582"/>
  <system-out/>
</testsuite> <!-- TestngAutomation.FlipkartAutomation.NewTest -->
